<?xml version="1.0" encoding="UTF-8"?>
<!-- Generated by org.testng.reporters.JUnitReportReporter -->
<testsuite hostname="noa" failures="0" tests="1" name="com.w2a.testcases.LoginTest" time="3.126" errors="0" timestamp="14 May 2020 11:38:00 GMT" skipped="0">
  <testcase classname="com.w2a.testcases.LoginTest" name="loginAsBankManager" time="3.126"/>
</testsuite> <!-- com.w2a.testcases.LoginTest -->
