<?xml version="1.0" encoding="UTF-8"?>
<!-- Generated by org.testng.reporters.JUnitReportReporter -->
<testsuite hostname="noa" failures="0" tests="1" name="com.w2a.testcases.AddCustomerTest" time="6.991" errors="0" timestamp="14 May 2020 16:30:15 GMT" skipped="0">
  <testcase classname="com.w2a.testcases.AddCustomerTest" name="addCustomer" time="6.991"/>
</testsuite> <!-- com.w2a.testcases.AddCustomerTest -->
